<?xml version="1.0" encoding="UTF-8"?>
<!-- Generated by org.testng.reporters.JUnitReportReporter -->
<testsuite hostname="mdnpatna" failures="0" tests="1" name="n_BasicTextScript.b07_02_05_ToSendMailAndToVerify" time="0.004" errors="0" timestamp="2023-02-07T22:29:46 IST" skipped="0">
  <testcase classname="n_BasicTextScript.b07_02_05_ToSendMailAndToVerify" name="sendMailAndVerify" time="0.004"/>
  <system-out/>
</testsuite> <!-- n_BasicTextScript.b07_02_05_ToSendMailAndToVerify -->
